15	 (i)  Log subsystem started in elapsed time mode.
15	 (i)  Logging [debug info (D), info (i), notices (M), warnings (W), errors (Er), fatal errors (!!)]
15	 (i)  Buffered mode: False
15	 (i)  Temporary rendering context created
15	 (M)  Getting OpenGL entry points and extension
140	 (M)  
140	 (i)  OpenGL rendering context information:
140	 (i)  Renderer     : Intel(R) HD Graphics 4600
140	 (i)  Vendor       : Intel
140	 (i)  Version      : 4.2.0 - Build 10.18.10.3345
140	 (i)  GLSL version : 4.20 - Build 10.18.10.3345
140	 (M)  
328	 (i)  Temporary rendering context destroyed
390	 (M)  Getting OpenGL entry points and extension
687	 (i)  Temporary rendering context created
687	 (M)  Getting OpenGL entry points and extension
703	 (i)  Temporary rendering context destroyed
781	 (M)  Getting OpenGL entry points and extension
88998078	 (i)  Logged fatal_errors: 0, errors: 0, warnings: 0, notices: 6, info: 12, debug: 0
88998078	 (i)  Log session shutdown
